PLINK v2.0.0-a.6.23 64-bit (24 Aug 2025)
Options in effect:
  --allow-extra-chr
  --export vcf bgz
  --geno 0.1
  --indep-pairwise 50 5 0.2
  --maf 0.1
  --max-alleles 2
  --mind 0.1
  --out datasets/chickens_small
  --thin 0.05
  --vcf exclude/chickens.vcf.gz

Hostname: DESKTOP-KMQ612S
Working directory: C:\Users\LENOVO\git\lectures
Start time: Tue Apr 21 23:00:40 2026

Random number seed: 1776830440
32440 MiB RAM detected; reserving 16220 MiB for main workspace.
Using up to 32 threads (change this with --threads).
--vcf: 8674043 variants scanned.
--vcf: datasets/chickens_small-temporary.pgen +
datasets/chickens_small-temporary.pvar.zst +
datasets/chickens_small-temporary.psam written.
234 samples (0 females, 0 males, 234 ambiguous; 234 founders) loaded from
datasets/chickens_small-temporary.psam.
Note: 85 nonstandard chromosome codes present.
8674043 variants loaded from datasets/chickens_small-temporary.pvar.zst.
Note: No phenotype data present.
--thin: 8239514 variants removed (434529 remaining).
Calculating sample missingness rates... done.
0 samples removed due to missing genotype data (--mind).
234 samples (0 females, 0 males, 234 ambiguous; 234 founders) remaining after
main filters.
Calculating allele frequencies... done.
--geno: 0 variants removed due to missing genotype data.
0 variants removed due to allele frequency threshold(s)
(--maf/--max-maf/--mac/--max-mac).
434529 variants remaining after main filters.
--export vcf bgz to datasets/chickens_small.vcf.gz ... done.
Error: --indep-pairwise requires unique variant IDs. (--set-all-var-ids and/or
--rm-dup may help.)

End time: Tue Apr 21 23:01:17 2026
